This is pdfTeX, Version 3.1415926-2.5-1.40.14 (TeX Live 2013) (format=pdflatex 2013.12.12)  19 DEC 2013 13:49
entering extended mode
 restricted \write18 enabled.
 file:line:error style messages enabled.
 %&-line parsing enabled.
**Cooper_Library_copy.bib
(./Cooper_Library_copy.bib
LaTeX2e <2011/06/27>
Babel <3.9f> and hyphenation patterns for 78 languages loaded.

./Cooper_Library_copy.bib:12: LaTeX Error: Missing \begin{document}.

See the LaTeX manual or LaTeX Companion for explanation.
Type  H <return>  for immediate help.
 ...                                              
                                                  
l.12 @
      article{Azouz,
? 
./Cooper_Library_copy.bib:12: Emergency stop.
 ...                                              
                                                  
l.12 @
      article{Azouz,
You're in trouble here.  Try typing  <return>  to proceed.
If that doesn't work, type  X <return>  to quit.

 
Here is how much of TeX's memory you used:
 7 strings out of 493315
 311 string characters out of 6137903
 52158 words of memory out of 5000000
 3557 multiletter control sequences out of 15000+600000
 3640 words of font info for 14 fonts, out of 8000000 for 9000
 957 hyphenation exceptions out of 8191
 5i,0n,4p,85b,14s stack positions out of 5000i,500n,10000p,200000b,80000s
./Cooper_Library_copy.bib:12:  ==> Fatal error occurred, no output PDF file pro
duced!
